0 info it worked if it ends with ok
1 verbose cli [ 'node', '/usr/local/bin/npm', 'publish' ]
2 info using npm@2.5.0
3 info using node@v0.10.36
4 verbose publish [ '.' ]
5 silly cache add args [ '.', null ]
6 verbose cache add spec .
7 silly cache add parsed spec { raw: '.',
7 silly cache add   scope: null,
7 silly cache add   name: null,
7 silly cache add   rawSpec: '.',
7 silly cache add   spec: '/Users/craig/Developer/Public/paperclipjs.com',
7 silly cache add   type: 'directory' }
8 verbose addLocalDirectory /Users/craig/.npm/paperclipjs.com/1.0.0/package.tgz not in flight; packing
9 verbose tar pack [ '/Users/craig/.npm/paperclipjs.com/1.0.0/package.tgz',
9 verbose tar pack   '/Users/craig/Developer/Public/paperclipjs.com' ]
10 verbose tarball /Users/craig/.npm/paperclipjs.com/1.0.0/package.tgz
11 verbose folder /Users/craig/Developer/Public/paperclipjs.com
12 info prepublish paperclipjs.com@1.0.0
13 verbose addLocalTarball adding from inside cache /Users/craig/.npm/paperclipjs.com/1.0.0/package.tgz
14 silly cache afterAdd paperclipjs.com@1.0.0
15 verbose afterAdd /Users/craig/.npm/paperclipjs.com/1.0.0/package/package.json not in flight; writing
16 verbose afterAdd /Users/craig/.npm/paperclipjs.com/1.0.0/package/package.json written
17 silly publish { name: 'paperclipjs.com',
17 silly publish   version: '1.0.0',
17 silly publish   description: 'Main website. 100% Mojo.',
17 silly publish   main: './lib/index.js',
17 silly publish   scripts: { start: 'node .' },
17 silly publish   repository:
17 silly publish    { type: 'git',
17 silly publish      url: 'https://github.com/mojo-js/paperclipjs.com.git' },
17 silly publish   author: '',
17 silly publish   license: 'ISC',
17 silly publish   bugs: { url: 'https://github.com/mojo-js/paperclipjs.com/issues' },
17 silly publish   homepage: 'https://github.com/mojo-js/paperclipjs.com',
17 silly publish   dependencies:
17 silly publish    { 'bindable-collection': '0.0.x',
17 silly publish      'bindable-object': '0.0.x',
17 silly publish      brace: '^0.4.0',
17 silly publish      'browserify-middleware': '^4.1.0',
17 silly publish      compression: '^1.2.0',
17 silly publish      'es5-shim': '^4.0.3',
17 silly publish      express: '^4.10.1',
17 silly publish      glob: '^4.0.6',
17 silly publish      he: '^0.5.0',
17 silly publish      less: '^1.7.5',
17 silly publish      lodash: '^2.4.1',
17 silly publish      marked: '^0.3.2',
17 silly publish      memoizee: '^0.3.8',
17 silly publish      paperclip: '^1.1.0',
17 silly publish      through: '^2.3.6',
17 silly publish      traverse: '^0.6.6' },
17 silly publish   devDependencies: { bower: '^1.3.12' },
17 silly publish   readme: 'Main website. 100% Mojo.\n\n\n### Commands\n\n```\nnpm start       # start the server\nnpm run hotswap # run hotswap server\n```\n',
17 silly publish   readmeFilename: 'README.md',
17 silly publish   gitHead: '8440aa17dca77133d40979e996f0bed1107852f8',
17 silly publish   _id: 'paperclipjs.com@1.0.0',
17 silly publish   _shasum: '5dfac252a511f197eb834bf2078c7e17a2b9dad6',
17 silly publish   _from: '.' }
18 silly mapToRegistry name paperclipjs.com
19 silly mapToRegistry using default registry
20 silly mapToRegistry registry http://registry.npmjs.org/
21 silly mapToRegistry uri http://registry.npmjs.org/paperclipjs.com
22 verbose publish registryBase http://registry.npmjs.org/
23 silly publish uploading /Users/craig/.npm/paperclipjs.com/1.0.0/package.tgz
24 verbose request uri http://registry.npmjs.org/paperclipjs.com
25 verbose request sending authorization for write operation
26 info attempt registry request try #1 at 19:17:19
27 verbose request id 43b56bf200c08fa9
28 http request PUT http://registry.npmjs.org/paperclipjs.com
29 http 403 http://registry.npmjs.org/paperclipjs.com
30 verbose headers { server: 'CouchDB/1.5.0 (Erlang OTP/R16B03)',
30 verbose headers   'content-type': 'application/json',
30 verbose headers   'cache-control': 'max-age=60',
30 verbose headers   'content-length': '230',
30 verbose headers   'accept-ranges': 'bytes',
30 verbose headers   date: 'Sat, 07 Feb 2015 03:17:19 GMT',
30 verbose headers   via: '1.1 varnish',
30 verbose headers   connection: 'keep-alive',
30 verbose headers   'x-served-by': 'cache-sjc3129-SJC',
30 verbose headers   'x-cache': 'MISS',
30 verbose headers   'x-cache-hits': '0',
30 verbose headers   'x-timer': 'S1423279039.648362,VS0,VE213' }
31 verbose request invalidating /Users/craig/.npm/registry.npmjs.org/paperclipjs.com on PUT
32 error publish Failed PUT 403
33 verbose stack Error: forbidden Attempting to modify version 1.0.0,
33 verbose stack which was previously published on 2015-01-29T14:42:27.585Z.
33 verbose stack This is forbidden, to maintain package integrity.
33 verbose stack Please update the version number and try again.: paperclipjs.com
33 verbose stack     at CachingRegistryClient.<anonymous> (/usr/local/lib/node_modules/npm/node_modules/npm-registry-client/lib/request.js:254:14)
33 verbose stack     at Request._callback (/usr/local/lib/node_modules/npm/node_modules/npm-registry-client/lib/request.js:178:14)
33 verbose stack     at Request.self.callback (/usr/local/lib/node_modules/npm/node_modules/request/request.js:373:22)
33 verbose stack     at Request.emit (events.js:98:17)
33 verbose stack     at Request.<anonymous> (/usr/local/lib/node_modules/npm/node_modules/request/request.js:1318:14)
33 verbose stack     at Request.emit (events.js:117:20)
33 verbose stack     at IncomingMessage.<anonymous> (/usr/local/lib/node_modules/npm/node_modules/request/request.js:1266:12)
33 verbose stack     at IncomingMessage.emit (events.js:117:20)
33 verbose stack     at _stream_readable.js:944:16
33 verbose stack     at process._tickCallback (node.js:442:13)
34 verbose statusCode 403
35 verbose pkgid paperclipjs.com
36 verbose cwd /Users/craig/Developer/Public/paperclipjs.com
37 error Darwin 14.1.0
38 error argv "node" "/usr/local/bin/npm" "publish"
39 error node v0.10.36
40 error npm  v2.5.0
41 error code E403
42 error forbidden Attempting to modify version 1.0.0,
42 error which was previously published on 2015-01-29T14:42:27.585Z.
42 error This is forbidden, to maintain package integrity.
42 error Please update the version number and try again.: paperclipjs.com
43 error If you need help, you may report this error at:
43 error     <http://github.com/npm/npm/issues>
44 verbose exit [ 1, true ]
